{"level":"info","message":"Hello from acquisitions!","service":"acquisitions-api"}
{"level":"info","message":"::1 - - [16/Sep/2025:13:32:40 +0000] \"GET / HTTP/1.1\" 200 24 \"-\" \"Mozilla/5.0 (Windows NT 10.0; Win64; x64) AppleWebKit/537.36 (KHTML, like Gecko) Chrome/140.0.0.0 Safari/537.36\"","service":"acquisitions-api"}
{"level":"info","message":"::1 - - [16/Sep/2025:13:32:40 +0000] \"GET /favicon.ico HTTP/1.1\" 404 150 \"-\" \"Mozilla/5.0 (Windows NT 10.0; Win64; x64) AppleWebKit/537.36 (KHTML, like Gecko) Chrome/140.0.0.0 Safari/537.36\"","service":"acquisitions-api"}
{"level":"info","message":"Hello from acquisitions!","service":"acquisitions-api"}
{"level":"info","message":"::1 - - [16/Sep/2025:18:01:07 +0000] \"GET / HTTP/1.1\" 200 24 \"-\" \"PostmanRuntime/7.43.3\"","service":"acquisitions-api"}
{"level":"info","message":"::1 - - [16/Sep/2025:18:02:01 +0000] \"GET /api HTTP/1.1\" 200 42 \"-\" \"PostmanRuntime/7.43.3\"","service":"acquisitions-api"}
{"level":"info","message":"::1 - - [16/Sep/2025:18:02:11 +0000] \"GET /health HTTP/1.1\" 200 74 \"-\" \"PostmanRuntime/7.43.3\"","service":"acquisitions-api"}
{"level":"info","message":"::1 - - [16/Sep/2025:18:02:37 +0000] \"POST /api/auth/sign-in HTTP/1.1\" 404 156 \"-\" \"PostmanRuntime/7.43.3\"","service":"acquisitions-api"}
{"level":"info","message":"::1 - - [16/Sep/2025:19:47:56 +0000] \"GET /.well-known/appspecific/com.chrome.devtools.json HTTP/1.1\" 404 187 \"-\" \"Mozilla/5.0 (Windows NT 10.0; Win64; x64) AppleWebKit/537.36 (KHTML, like Gecko) Chrome/140.0.0.0 Safari/537.36\"","service":"acquisitions-api"}
{"level":"info","message":"::1 - - [16/Sep/2025:19:48:16 +0000] \"POST /api/auth/sign-in HTTP/1.1\" 404 156 \"-\" \"PostmanRuntime/7.43.3\"","service":"acquisitions-api"}
{"level":"info","message":"::1 - - [16/Sep/2025:19:48:27 +0000] \"POST /api/auth/sign-up HTTP/1.1\" 404 156 \"-\" \"PostmanRuntime/7.43.3\"","service":"acquisitions-api"}
{"level":"info","message":"::ffff:127.0.0.1 - - [16/Sep/2025:19:48:45 +0000] \"POST /api/auth/sign-up HTTP/1.1\" 404 156 \"-\" \"PostmanRuntime/7.43.3\"","service":"acquisitions-api"}
{"level":"info","message":"::1 - - [16/Sep/2025:19:49:02 +0000] \"POST /api/auth/sign-up HTTP/1.1\" 404 156 \"-\" \"PostmanRuntime/7.43.3\"","service":"acquisitions-api"}
{"level":"info","message":"::1 - - [16/Sep/2025:19:50:18 +0000] \"POST /api/auth/sign-up HTTP/1.1\" 404 156 \"-\" \"PostmanRuntime/7.43.3\"","service":"acquisitions-api"}
{"level":"info","message":"::1 - - [16/Sep/2025:19:51:33 +0000] \"GET /api HTTP/1.1\" 200 42 \"-\" \"PostmanRuntime/7.43.3\"","service":"acquisitions-api"}
{"level":"info","message":"::1 - - [16/Sep/2025:19:57:38 +0000] \"POST /api/auth/sign-up HTTP/1.1\" 400 92 \"-\" \"PostmanRuntime/7.43.3\"","service":"acquisitions-api"}
{"level":"info","message":"::1 - - [16/Sep/2025:19:59:19 +0000] \"POST /api/auth/sign-up HTTP/1.1\" 400 92 \"-\" \"PostmanRuntime/7.43.3\"","service":"acquisitions-api"}
{"level":"info","message":"::1 - - [16/Sep/2025:19:59:57 +0000] \"POST /api/auth/sign-up HTTP/1.1\" 400 92 \"-\" \"PostmanRuntime/7.43.3\"","service":"acquisitions-api"}
{"level":"info","message":"::1 - - [16/Sep/2025:20:01:09 +0000] \"POST /api/auth/sign-up HTTP/1.1\" 400 92 \"-\" \"PostmanRuntime/7.43.3\"","service":"acquisitions-api"}
{"level":"info","message":"::1 - - [16/Sep/2025:20:01:57 +0000] \"POST /api/auth/sign-up HTTP/1.1\" 400 92 \"-\" \"PostmanRuntime/7.43.3\"","service":"acquisitions-api"}
{"level":"info","message":"::1 - - [16/Sep/2025:20:03:14 +0000] \"POST /api/auth/sign-up HTTP/1.1\" 400 92 \"-\" \"PostmanRuntime/7.43.3\"","service":"acquisitions-api"}
{"level":"info","message":"::1 - - [16/Sep/2025:20:07:10 +0000] \"POST /api/auth/sign-up HTTP/1.1\" 400 92 \"-\" \"PostmanRuntime/7.43.3\"","service":"acquisitions-api"}
{"level":"info","message":"::1 - - [16/Sep/2025:20:08:09 +0000] \"POST /api/auth/sign-up HTTP/1.1\" 400 92 \"-\" \"PostmanRuntime/7.43.3\"","service":"acquisitions-api"}
{"level":"info","message":"::1 - - [16/Sep/2025:20:11:24 +0000] \"POST /api/auth/sign-up HTTP/1.1\" 400 92 \"-\" \"PostmanRuntime/7.43.3\"","service":"acquisitions-api"}
{"level":"info","message":"::1 - - [16/Sep/2025:20:12:23 +0000] \"POST /api/auth/sign-up HTTP/1.1\" 400 92 \"-\" \"PostmanRuntime/7.43.3\"","service":"acquisitions-api"}
{"level":"info","message":"::1 - - [16/Sep/2025:20:12:42 +0000] \"POST /api/auth/sign-up HTTP/1.1\" 400 91 \"-\" \"PostmanRuntime/7.43.3\"","service":"acquisitions-api"}
{"level":"info","message":"User registered successfully: john@example.com","service":"acquisitions-api"}
{"level":"info","message":"::1 - - [16/Sep/2025:20:12:55 +0000] \"POST /api/auth/sign-up HTTP/1.1\" 201 104 \"-\" \"PostmanRuntime/7.43.3\"","service":"acquisitions-api"}
{"level":"info","message":"::1 - - [16/Sep/2025:20:13:03 +0000] \"POST /api/auth/sign-up HTTP/1.1\" 400 92 \"-\" \"PostmanRuntime/7.43.3\"","service":"acquisitions-api"}
{"level":"info","message":"::1 - - [16/Sep/2025:20:15:24 +0000] \"POST /api/auth/sign-up HTTP/1.1\" 400 92 \"-\" \"PostmanRuntime/7.43.3\"","service":"acquisitions-api"}
{"level":"info","message":"::1 - - [16/Sep/2025:20:35:28 +0000] \"POST /api/auth/sign-up HTTP/1.1\" 400 92 \"-\" \"PostmanRuntime/7.43.3\"","service":"acquisitions-api"}
{"level":"info","message":"::1 - - [16/Sep/2025:20:36:03 +0000] \"POST /api/auth/sign-up HTTP/1.1\" 400 92 \"-\" \"PostmanRuntime/7.43.3\"","service":"acquisitions-api"}
{"level":"info","message":"User john@example.com created successfully","service":"acquisitions-api"}
{"level":"info","message":"User registered successfully: john@example.com","service":"acquisitions-api"}
{"level":"info","message":"::1 - - [16/Sep/2025:20:36:21 +0000] \"POST /api/auth/sign-up HTTP/1.1\" 201 86 \"-\" \"PostmanRuntime/7.43.3\"","service":"acquisitions-api"}
{"level":"info","message":"User tanishq@example.com created successfully","service":"acquisitions-api"}
{"level":"info","message":"User registered successfully: tanishq@example.com","service":"acquisitions-api"}
{"level":"info","message":"::1 - - [16/Sep/2025:20:37:38 +0000] \"POST /api/auth/sign-up HTTP/1.1\" 201 89 \"-\" \"PostmanRuntime/7.43.3\"","service":"acquisitions-api"}
{"level":"info","message":"User tanishq@gmail.com created successfully","service":"acquisitions-api"}
{"level":"info","message":"User registered successfully: tanishq@gmail.com","service":"acquisitions-api"}
{"level":"info","message":"::1 - - [16/Sep/2025:20:37:58 +0000] \"POST /api/auth/sign-up HTTP/1.1\" 201 88 \"-\" \"PostmanRuntime/7.43.3\"","service":"acquisitions-api"}
{"level":"info","message":"Hello from acquisitions!","service":"acquisitions-api"}
{"level":"info","message":"::1 - - [17/Sep/2025:18:50:32 +0000] \"GET / HTTP/1.1\" 304 - \"-\" \"Mozilla/5.0 (Windows NT 10.0; Win64; x64) AppleWebKit/537.36 (KHTML, like Gecko) Chrome/140.0.0.0 Safari/537.36\"","service":"acquisitions-api"}
{"level":"info","message":"Hello from acquisitions!","service":"acquisitions-api"}
{"level":"info","message":"::1 - - [17/Sep/2025:18:50:32 +0000] \"GET / HTTP/1.1\" 304 - \"-\" \"Mozilla/5.0 (Windows NT 10.0; Win64; x64) AppleWebKit/537.36 (KHTML, like Gecko) Chrome/140.0.0.0 Safari/537.36\"","service":"acquisitions-api"}
{"level":"info","message":"::1 - - [17/Sep/2025:18:50:32 +0000] \"GET /favicon.ico HTTP/1.1\" 404 150 \"-\" \"Mozilla/5.0 (Windows NT 10.0; Win64; x64) AppleWebKit/537.36 (KHTML, like Gecko) Chrome/140.0.0.0 Safari/537.36\"","service":"acquisitions-api"}
{"level":"info","message":"Hello from acquisitions!","service":"acquisitions-api"}
{"level":"info","message":"::1 - - [17/Sep/2025:18:53:28 +0000] \"GET / HTTP/1.1\" 304 - \"-\" \"Mozilla/5.0 (Windows NT 10.0; Win64; x64) AppleWebKit/537.36 (KHTML, like Gecko) Chrome/140.0.0.0 Safari/537.36\"","service":"acquisitions-api"}
{"level":"info","message":"Hello from acquisitions!","service":"acquisitions-api"}
{"level":"info","message":"::1 - - [17/Sep/2025:18:53:29 +0000] \"GET / HTTP/1.1\" 304 - \"-\" \"Mozilla/5.0 (Windows NT 10.0; Win64; x64) AppleWebKit/537.36 (KHTML, like Gecko) Chrome/140.0.0.0 Safari/537.36\"","service":"acquisitions-api"}
{"level":"info","message":"User tanishq@gmail.com authenticated successfully","service":"acquisitions-api"}
{"level":"info","message":"User signed in successfully: tanishq@gmail.com","service":"acquisitions-api"}
{"level":"info","message":"::1 - - [17/Sep/2025:18:53:34 +0000] \"POST /api/auth/sign-in HTTP/1.1\" 200 100 \"-\" \"PostmanRuntime/7.46.1\"","service":"acquisitions-api"}
{"level":"info","message":"User signed out successfully","service":"acquisitions-api"}
{"level":"info","message":"::1 - - [17/Sep/2025:18:55:24 +0000] \"POST /api/auth/sign-out HTTP/1.1\" 200 42 \"-\" \"PostmanRuntime/7.46.1\"","service":"acquisitions-api"}
